<?xml version="1.0" encoding="UTF-8"?>
<!-- Generated by org.testng.reporters.JUnitXMLReporter -->
<testsuite hostname="LM0001701" ignored="0" name="Test" tests="3" failures="0" timestamp="2023-04-03T14:33:51 IST" time="56.438" errors="0">
  <testcase name="validateGetCall" time="3.316" classname="com.tests.TestCase2"/>
  <testcase name="ValidatePost" time="1.625" classname="com.tests.TestCase2"/>
  <testcase name="validateJob" time="33.101" classname="com.tests.TestCase1"/>
</testsuite> <!-- Test -->
